2011/04/06 05:12:59 [error] [system.db.CDbCommand] CDbCommand::fetchAll() failed: SQLSTATE[42S02]: Base table or view not found: 1146 Table 'elearn.user' doesn't exist. The SQL statement executed was: SHOW COLUMNS FROM `user`.
in C:\projects\elearn\protected\models\User.php (8)
in C:\projects\elearn\protected\components\UserIdentity.php (20)
in C:\projects\elearn\protected\models\LoginForm.php (45)
2011/04/06 05:12:59 [error] [exception.CDbException] exception 'CDbException' with message 'The table "user" for active record class "User" cannot be found in the database.' in C:\projects\yii\framework\db\ar\CActiveRecord.php:2237
Stack trace:
#0 C:\projects\yii\framework\db\ar\CActiveRecord.php(371): CActiveRecordMetaData->__construct(Object(User))
#1 C:\projects\elearn\protected\models\User.php(8): CActiveRecord::model('User')
#2 C:\projects\elearn\protected\components\UserIdentity.php(20): User::model()
#3 C:\projects\elearn\protected\models\LoginForm.php(45): UserIdentity->authenticate()
#4 C:\projects\yii\framework\validators\CInlineValidator.php(39): LoginForm->authenticate('password', Array)
#5 C:\projects\yii\framework\validators\CValidator.php(192): CInlineValidator->validateAttribute(Object(LoginForm), 'password')
#6 C:\projects\yii\framework\base\CModel.php(152): CValidator->validate(Object(LoginForm), NULL)
#7 C:\projects\elearn\protected\controllers\SiteController.php(88): CModel->validate()
#8 C:\projects\yii\framework\web\actions\CInlineAction.php(50): SiteController->actionLogin()
#9 C:\projects\yii\framework\web\CController.php(300): CInlineAction->runWithParams(Array)
#10 C:\projects\yii\framework\web\CController.php(278): CController->runAction(Object(CInlineAction))
#11 C:\projects\yii\framework\web\CController.php(257): CController->runActionWithFilters(Object(CInlineAction), Array)
#12 C:\projects\yii\framework\web\CWebApplication.php(328): CController->run('login')
#13 C:\projects\yii\framework\web\CWebApplication.php(121): CWebApplication->runController('site/login')
#14 C:\projects\yii\framework\base\CApplication.php(155): CWebApplication->processRequest()
#15 C:\projects\elearn\index.php(13): CApplication->run()
#16 {main} REQUEST_URI=/elearn/index.php?r=site/login
2011/04/06 05:13:32 [error] [php] include(C:\projects\elearn\protected\models\User.php) [<a href='function.include'>function.include</a>]: failed to open stream: No such file or directory (C:\projects\yii\framework\YiiBase.php:396)
Stack trace:
#0 C:\projects\elearn\protected\components\UserIdentity.php(20): spl_autoload_call()
#1 C:\projects\elearn\protected\models\LoginForm.php(45): UserIdentity->authenticate()
#2 C:\projects\yii\framework\validators\CInlineValidator.php(39): LoginForm->authenticate()
#3 C:\projects\yii\framework\validators\CValidator.php(192): CInlineValidator->validateAttribute()
#4 C:\projects\yii\framework\base\CModel.php(152): CInlineValidator->validate()
#5 C:\projects\elearn\protected\controllers\SiteController.php(88): LoginForm->validate()
#6 C:\projects\yii\framework\web\actions\CInlineAction.php(50): SiteController->actionLogin()
#7 C:\projects\yii\framework\web\CController.php(300): CInlineAction->runWithParams()
#8 C:\projects\yii\framework\web\CController.php(278): SiteController->runAction()
#9 C:\projects\yii\framework\web\CController.php(257): SiteController->runActionWithFilters()
#10 C:\projects\yii\framework\web\CWebApplication.php(328): SiteController->run()
#11 C:\projects\yii\framework\web\CWebApplication.php(121): CWebApplication->runController()
#12 C:\projects\yii\framework\base\CApplication.php(155): CWebApplication->processRequest()
#13 C:\projects\elearn\index.php(13): CWebApplication->run()
REQUEST_URI=/elearn/index.php?r=site/login
in C:\projects\elearn\protected\components\UserIdentity.php (20)
in C:\projects\elearn\protected\models\LoginForm.php (45)
in C:\projects\elearn\protected\controllers\SiteController.php (88)
2011/04/06 05:44:16 [error] [php] Invalid argument supplied for foreach() (C:\projects\yii\framework\zii\widgets\CMenu.php:245)
Stack trace:
#0 C:\projects\yii\framework\web\CBaseController.php(140): CMenu->init()
#1 C:\projects\yii\framework\web\CBaseController.php(165): SiteController->createWidget()
#2 C:\projects\elearn\protected\views\layouts\main.php(40): SiteController->widget()
#3 C:\projects\yii\framework\web\CBaseController.php(119): require()
#4 C:\projects\yii\framework\web\CBaseController.php(88): SiteController->renderInternal()
#5 C:\projects\yii\framework\web\widgets\CContentDecorator.php(78): SiteController->renderFile()
#6 C:\projects\yii\framework\web\widgets\CContentDecorator.php(56): CContentDecorator->decorate()
#7 C:\projects\yii\framework\web\widgets\COutputProcessor.php(45): CContentDecorator->processOutput()
#8 C:\projects\yii\framework\web\CBaseController.php(199): CContentDecorator->run()
#9 C:\projects\yii\framework\web\CBaseController.php(294): SiteController->endWidget()
#10 C:\projects\elearn\protected\views\layouts\column1.php(7): SiteController->endContent()
#11 C:\projects\yii\framework\web\CBaseController.php(119): require()
#12 C:\projects\yii\framework\web\CBaseController.php(88): SiteController->renderInternal()
#13 C:\projects\yii\framework\web\CController.php(781): SiteController->renderFile()
#14 C:\projects\elearn\protected\controllers\SiteController.php(32): SiteController->render()
#15 C:\projects\yii\framework\web\actions\CInlineAction.php(50): SiteController->actionIndex()
#16 C:\projects\yii\framework\web\CController.php(300): CInlineAction->runWithParams()
#17 C:\projects\yii\framework\web\CController.php(278): SiteController->runAction()
#18 C:\projects\yii\framework\web\CController.php(257): SiteController->runActionWithFilters()
#19 C:\projects\yii\framework\web\CWebApplication.php(328): SiteController->run()
#20 C:\projects\yii\framework\web\CWebApplication.php(121): CWebApplication->runController()
#21 C:\projects\yii\framework\base\CApplication.php(155): CWebApplication->processRequest()
#22 C:\projects\elearn\index.php(13): CWebApplication->run()
REQUEST_URI=/elearn/index.php
in C:\projects\elearn\protected\views\layouts\main.php (40)
in C:\projects\elearn\protected\views\layouts\column1.php (7)
in C:\projects\elearn\protected\controllers\SiteController.php (32)
2011/04/06 05:46:29 [error] [php] Invalid argument supplied for foreach() (C:\projects\yii\framework\zii\widgets\CMenu.php:245)
Stack trace:
#0 C:\projects\yii\framework\web\CBaseController.php(140): CMenu->init()
#1 C:\projects\yii\framework\web\CBaseController.php(165): SiteController->createWidget()
#2 C:\projects\elearn\protected\views\layouts\main.php(41): SiteController->widget()
#3 C:\projects\yii\framework\web\CBaseController.php(119): require()
#4 C:\projects\yii\framework\web\CBaseController.php(88): SiteController->renderInternal()
#5 C:\projects\yii\framework\web\widgets\CContentDecorator.php(78): SiteController->renderFile()
#6 C:\projects\yii\framework\web\widgets\CContentDecorator.php(56): CContentDecorator->decorate()
#7 C:\projects\yii\framework\web\widgets\COutputProcessor.php(45): CContentDecorator->processOutput()
#8 C:\projects\yii\framework\web\CBaseController.php(199): CContentDecorator->run()
#9 C:\projects\yii\framework\web\CBaseController.php(294): SiteController->endWidget()
#10 C:\projects\elearn\protected\views\layouts\column1.php(7): SiteController->endContent()
#11 C:\projects\yii\framework\web\CBaseController.php(119): require()
#12 C:\projects\yii\framework\web\CBaseController.php(88): SiteController->renderInternal()
#13 C:\projects\yii\framework\web\CController.php(781): SiteController->renderFile()
#14 C:\projects\elearn\protected\controllers\SiteController.php(32): SiteController->render()
#15 C:\projects\yii\framework\web\actions\CInlineAction.php(50): SiteController->actionIndex()
#16 C:\projects\yii\framework\web\CController.php(300): CInlineAction->runWithParams()
#17 C:\projects\yii\framework\web\CController.php(278): SiteController->runAction()
#18 C:\projects\yii\framework\web\CController.php(257): SiteController->runActionWithFilters()
#19 C:\projects\yii\framework\web\CWebApplication.php(328): SiteController->run()
#20 C:\projects\yii\framework\web\CWebApplication.php(121): CWebApplication->runController()
#21 C:\projects\yii\framework\base\CApplication.php(155): CWebApplication->processRequest()
#22 C:\projects\elearn\index.php(13): CWebApplication->run()
REQUEST_URI=/elearn/index.php
in C:\projects\elearn\protected\views\layouts\main.php (41)
in C:\projects\elearn\protected\views\layouts\column1.php (7)
in C:\projects\elearn\protected\controllers\SiteController.php (32)
2011/04/06 05:48:03 [error] [php] Invalid argument supplied for foreach() (C:\projects\yii\framework\zii\widgets\CMenu.php:245)
Stack trace:
#0 C:\projects\yii\framework\web\CBaseController.php(140): CMenu->init()
#1 C:\projects\yii\framework\web\CBaseController.php(165): SiteController->createWidget()
#2 C:\projects\elearn\protected\views\layouts\main.php(40): SiteController->widget()
#3 C:\projects\yii\framework\web\CBaseController.php(119): require()
#4 C:\projects\yii\framework\web\CBaseController.php(88): SiteController->renderInternal()
#5 C:\projects\yii\framework\web\widgets\CContentDecorator.php(78): SiteController->renderFile()
#6 C:\projects\yii\framework\web\widgets\CContentDecorator.php(56): CContentDecorator->decorate()
#7 C:\projects\yii\framework\web\widgets\COutputProcessor.php(45): CContentDecorator->processOutput()
#8 C:\projects\yii\framework\web\CBaseController.php(199): CContentDecorator->run()
#9 C:\projects\yii\framework\web\CBaseController.php(294): SiteController->endWidget()
#10 C:\projects\elearn\protected\views\layouts\column1.php(7): SiteController->endContent()
#11 C:\projects\yii\framework\web\CBaseController.php(119): require()
#12 C:\projects\yii\framework\web\CBaseController.php(88): SiteController->renderInternal()
#13 C:\projects\yii\framework\web\CController.php(781): SiteController->renderFile()
#14 C:\projects\elearn\protected\controllers\SiteController.php(32): SiteController->render()
#15 C:\projects\yii\framework\web\actions\CInlineAction.php(50): SiteController->actionIndex()
#16 C:\projects\yii\framework\web\CController.php(300): CInlineAction->runWithParams()
#17 C:\projects\yii\framework\web\CController.php(278): SiteController->runAction()
#18 C:\projects\yii\framework\web\CController.php(257): SiteController->runActionWithFilters()
#19 C:\projects\yii\framework\web\CWebApplication.php(328): SiteController->run()
#20 C:\projects\yii\framework\web\CWebApplication.php(121): CWebApplication->runController()
#21 C:\projects\yii\framework\base\CApplication.php(155): CWebApplication->processRequest()
#22 C:\projects\elearn\index.php(13): CWebApplication->run()
REQUEST_URI=/elearn/index.php
in C:\projects\elearn\protected\views\layouts\main.php (40)
in C:\projects\elearn\protected\views\layouts\column1.php (7)
in C:\projects\elearn\protected\controllers\SiteController.php (32)
2011/04/06 05:48:38 [error] [php] Invalid argument supplied for foreach() (C:\projects\yii\framework\zii\widgets\CMenu.php:245)
Stack trace:
#0 C:\projects\yii\framework\web\CBaseController.php(140): CMenu->init()
#1 C:\projects\yii\framework\web\CBaseController.php(165): SiteController->createWidget()
#2 C:\projects\elearn\protected\views\layouts\main.php(40): SiteController->widget()
#3 C:\projects\yii\framework\web\CBaseController.php(119): require()
#4 C:\projects\yii\framework\web\CBaseController.php(88): SiteController->renderInternal()
#5 C:\projects\yii\framework\web\widgets\CContentDecorator.php(78): SiteController->renderFile()
#6 C:\projects\yii\framework\web\widgets\CContentDecorator.php(56): CContentDecorator->decorate()
#7 C:\projects\yii\framework\web\widgets\COutputProcessor.php(45): CContentDecorator->processOutput()
#8 C:\projects\yii\framework\web\CBaseController.php(199): CContentDecorator->run()
#9 C:\projects\yii\framework\web\CBaseController.php(294): SiteController->endWidget()
#10 C:\projects\elearn\protected\views\layouts\column1.php(7): SiteController->endContent()
#11 C:\projects\yii\framework\web\CBaseController.php(119): require()
#12 C:\projects\yii\framework\web\CBaseController.php(88): SiteController->renderInternal()
#13 C:\projects\yii\framework\web\CController.php(781): SiteController->renderFile()
#14 C:\projects\elearn\protected\controllers\SiteController.php(32): SiteController->render()
#15 C:\projects\yii\framework\web\actions\CInlineAction.php(50): SiteController->actionIndex()
#16 C:\projects\yii\framework\web\CController.php(300): CInlineAction->runWithParams()
#17 C:\projects\yii\framework\web\CController.php(278): SiteController->runAction()
#18 C:\projects\yii\framework\web\CController.php(257): SiteController->runActionWithFilters()
#19 C:\projects\yii\framework\web\CWebApplication.php(328): SiteController->run()
#20 C:\projects\yii\framework\web\CWebApplication.php(121): CWebApplication->runController()
#21 C:\projects\yii\framework\base\CApplication.php(155): CWebApplication->processRequest()
#22 C:\projects\elearn\index.php(13): CWebApplication->run()
REQUEST_URI=/elearn/index.php
in C:\projects\elearn\protected\views\layouts\main.php (40)
in C:\projects\elearn\protected\views\layouts\column1.php (7)
in C:\projects\elearn\protected\controllers\SiteController.php (32)
2011/04/06 05:48:51 [error] [php] Invalid argument supplied for foreach() (C:\projects\yii\framework\zii\widgets\CMenu.php:245)
Stack trace:
#0 C:\projects\yii\framework\web\CBaseController.php(140): CMenu->init()
#1 C:\projects\yii\framework\web\CBaseController.php(165): SiteController->createWidget()
#2 C:\projects\elearn\protected\views\layouts\main.php(40): SiteController->widget()
#3 C:\projects\yii\framework\web\CBaseController.php(119): require()
#4 C:\projects\yii\framework\web\CBaseController.php(88): SiteController->renderInternal()
#5 C:\projects\yii\framework\web\widgets\CContentDecorator.php(78): SiteController->renderFile()
#6 C:\projects\yii\framework\web\widgets\CContentDecorator.php(56): CContentDecorator->decorate()
#7 C:\projects\yii\framework\web\widgets\COutputProcessor.php(45): CContentDecorator->processOutput()
#8 C:\projects\yii\framework\web\CBaseController.php(199): CContentDecorator->run()
#9 C:\projects\yii\framework\web\CBaseController.php(294): SiteController->endWidget()
#10 C:\projects\elearn\protected\views\layouts\column1.php(7): SiteController->endContent()
#11 C:\projects\yii\framework\web\CBaseController.php(119): require()
#12 C:\projects\yii\framework\web\CBaseController.php(88): SiteController->renderInternal()
#13 C:\projects\yii\framework\web\CController.php(781): SiteController->renderFile()
#14 C:\projects\elearn\protected\controllers\SiteController.php(32): SiteController->render()
#15 C:\projects\yii\framework\web\actions\CInlineAction.php(50): SiteController->actionIndex()
#16 C:\projects\yii\framework\web\CController.php(300): CInlineAction->runWithParams()
#17 C:\projects\yii\framework\web\CController.php(278): SiteController->runAction()
#18 C:\projects\yii\framework\web\CController.php(257): SiteController->runActionWithFilters()
#19 C:\projects\yii\framework\web\CWebApplication.php(328): SiteController->run()
#20 C:\projects\yii\framework\web\CWebApplication.php(121): CWebApplication->runController()
#21 C:\projects\yii\framework\base\CApplication.php(155): CWebApplication->processRequest()
#22 C:\projects\elearn\index.php(13): CWebApplication->run()
REQUEST_URI=/elearn/index.php
in C:\projects\elearn\protected\views\layouts\main.php (40)
in C:\projects\elearn\protected\views\layouts\column1.php (7)
in C:\projects\elearn\protected\controllers\SiteController.php (32)
2011/04/06 05:48:54 [error] [php] Invalid argument supplied for foreach() (C:\projects\yii\framework\zii\widgets\CMenu.php:245)
Stack trace:
#0 C:\projects\yii\framework\web\CBaseController.php(140): CMenu->init()
#1 C:\projects\yii\framework\web\CBaseController.php(165): SiteController->createWidget()
#2 C:\projects\elearn\protected\views\layouts\main.php(40): SiteController->widget()
#3 C:\projects\yii\framework\web\CBaseController.php(119): require()
#4 C:\projects\yii\framework\web\CBaseController.php(88): SiteController->renderInternal()
#5 C:\projects\yii\framework\web\widgets\CContentDecorator.php(78): SiteController->renderFile()
#6 C:\projects\yii\framework\web\widgets\CContentDecorator.php(56): CContentDecorator->decorate()
#7 C:\projects\yii\framework\web\widgets\COutputProcessor.php(45): CContentDecorator->processOutput()
#8 C:\projects\yii\framework\web\CBaseController.php(199): CContentDecorator->run()
#9 C:\projects\yii\framework\web\CBaseController.php(294): SiteController->endWidget()
#10 C:\projects\elearn\protected\views\layouts\column1.php(7): SiteController->endContent()
#11 C:\projects\yii\framework\web\CBaseController.php(119): require()
#12 C:\projects\yii\framework\web\CBaseController.php(88): SiteController->renderInternal()
#13 C:\projects\yii\framework\web\CController.php(781): SiteController->renderFile()
#14 C:\projects\elearn\protected\controllers\SiteController.php(32): SiteController->render()
#15 C:\projects\yii\framework\web\actions\CInlineAction.php(50): SiteController->actionIndex()
#16 C:\projects\yii\framework\web\CController.php(300): CInlineAction->runWithParams()
#17 C:\projects\yii\framework\web\CController.php(278): SiteController->runAction()
#18 C:\projects\yii\framework\web\CController.php(257): SiteController->runActionWithFilters()
#19 C:\projects\yii\framework\web\CWebApplication.php(328): SiteController->run()
#20 C:\projects\yii\framework\web\CWebApplication.php(121): CWebApplication->runController()
#21 C:\projects\yii\framework\base\CApplication.php(155): CWebApplication->processRequest()
#22 C:\projects\elearn\index.php(13): CWebApplication->run()
REQUEST_URI=/elearn/index.php
in C:\projects\elearn\protected\views\layouts\main.php (40)
in C:\projects\elearn\protected\views\layouts\column1.php (7)
in C:\projects\elearn\protected\controllers\SiteController.php (32)
2011/04/06 08:41:39 [error] [php] Undefined index: r (C:\projects\elearn\protected\components\RequireLogin.php:14)
Stack trace:
#0 C:\projects\yii\framework\base\CApplication.php(154): CWebApplication->onBeginRequest()
#1 C:\projects\elearn\index.php(13): CWebApplication->run()
REQUEST_URI=/elearn/index.php
in C:\projects\elearn\protected\components\RequireLogin.php (14)
in C:\projects\elearn\index.php (13)
2011/04/06 08:45:57 [error] [exception.CException] exception 'CException' with message 'LoginForm does not have a method named "redirect".' in C:\projects\yii\framework\base\CComponent.php:266
Stack trace:
#0 C:\projects\elearn\protected\models\LoginForm.php(67): CComponent->__call('redirect', Array)
#1 C:\projects\elearn\protected\models\LoginForm.php(67): LoginForm->redirect('index')
#2 C:\projects\elearn\protected\controllers\SiteController.php(85): LoginForm->login()
#3 C:\projects\yii\framework\web\actions\CInlineAction.php(50): SiteController->actionLogin()
#4 C:\projects\yii\framework\web\CController.php(300): CInlineAction->runWithParams(Array)
#5 C:\projects\yii\framework\web\CController.php(278): CController->runAction(Object(CInlineAction))
#6 C:\projects\yii\framework\web\CController.php(257): CController->runActionWithFilters(Object(CInlineAction), Array)
#7 C:\projects\yii\framework\web\CWebApplication.php(328): CController->run('login')
#8 C:\projects\yii\framework\web\CWebApplication.php(121): CWebApplication->runController('site/login')
#9 C:\projects\yii\framework\base\CApplication.php(155): CWebApplication->processRequest()
#10 C:\projects\elearn\index.php(13): CApplication->run()
#11 {main} REQUEST_URI=/elearn/index.php?r=site/login
2011/04/06 08:50:31 [error] [exception.CHttpException.404] exception 'CHttpException' with message 'Unable to resolve the request "elearn/index.php".' in C:\projects\yii\framework\web\CWebApplication.php:332
Stack trace:
#0 C:\projects\yii\framework\web\CWebApplication.php(121): CWebApplication->runController('elearn/index.ph...')
#1 C:\projects\yii\framework\base\CApplication.php(155): CWebApplication->processRequest()
#2 C:\projects\elearn\index.php(13): CApplication->run()
#3 {main} REQUEST_URI=/elearn/index.php?r=elearn/index.php
2011/04/06 09:04:26 [error] [exception.CHttpException.404] exception 'CHttpException' with message 'Unable to resolve the request "elearn/index.php".' in C:\projects\yii\framework\web\CWebApplication.php:332
Stack trace:
#0 C:\projects\yii\framework\web\CWebApplication.php(121): CWebApplication->runController('elearn/index.ph...')
#1 C:\projects\yii\framework\base\CApplication.php(155): CWebApplication->processRequest()
#2 C:\projects\elearn\index.php(13): CApplication->run()
#3 {main} REQUEST_URI=/elearn/index.php?r=elearn/index.php
2011/04/06 09:05:18 [error] [exception.CHttpException.404] exception 'CHttpException' with message 'Unable to resolve the request "elearn/index.php?r=site/index".' in C:\projects\yii\framework\web\CWebApplication.php:332
Stack trace:
#0 C:\projects\yii\framework\web\CWebApplication.php(121): CWebApplication->runController('elearn/index.ph...')
#1 C:\projects\yii\framework\base\CApplication.php(155): CWebApplication->processRequest()
#2 C:\projects\elearn\index.php(13): CApplication->run()
#3 {main} REQUEST_URI=/elearn/index.php?r=elearn/index.php?r=site/index
2011/04/06 09:06:09 [error] [exception.CHttpException.404] exception 'CHttpException' with message 'Unable to resolve the request "elearn/index.php?r=site/index".' in C:\projects\yii\framework\web\CWebApplication.php:332
Stack trace:
#0 C:\projects\yii\framework\web\CWebApplication.php(121): CWebApplication->runController('elearn/index.ph...')
#1 C:\projects\yii\framework\base\CApplication.php(155): CWebApplication->processRequest()
#2 C:\projects\elearn\index.php(13): CApplication->run()
#3 {main} REQUEST_URI=/elearn/index.php?r=elearn/index.php?r=site/index
2011/04/06 09:06:50 [error] [exception.CHttpException.404] exception 'CHttpException' with message 'Unable to resolve the request "elearn/index.php?r=site/index".' in C:\projects\yii\framework\web\CWebApplication.php:332
Stack trace:
#0 C:\projects\yii\framework\web\CWebApplication.php(121): CWebApplication->runController('elearn/index.ph...')
#1 C:\projects\yii\framework\base\CApplication.php(155): CWebApplication->processRequest()
#2 C:\projects\elearn\index.php(13): CApplication->run()
#3 {main} REQUEST_URI=/elearn/index.php?r=elearn/index.php?r=site/index
2011/04/06 09:28:27 [error] [php] Use of undefined constant php - assumed 'php' (C:\projects\elearn\protected\views\admin\admin.php:63)
Stack trace:
#0 C:\projects\yii\framework\web\CController.php(866): AdminController->renderFile()
#1 C:\projects\yii\framework\web\CController.php(779): AdminController->renderPartial()
#2 C:\projects\elearn\protected\controllers\AdminController.php(148): AdminController->render()
#3 C:\projects\yii\framework\web\actions\CInlineAction.php(50): AdminController->actionAdmin()
#4 C:\projects\yii\framework\web\CController.php(300): CInlineAction->runWithParams()
#5 C:\projects\yii\framework\web\filters\CFilterChain.php(133): AdminController->runAction()
#6 C:\projects\yii\framework\web\filters\CFilter.php(41): CFilterChain->run()
#7 C:\projects\yii\framework\web\CController.php(1122): CAccessControlFilter->filter()
#8 C:\projects\yii\framework\web\filters\CInlineFilter.php(59): AdminController->filterAccessControl()
#9 C:\projects\yii\framework\web\filters\CFilterChain.php(130): CInlineFilter->filter()
#10 C:\projects\yii\framework\web\CController.php(283): CFilterChain->run()
#11 C:\projects\yii\framework\web\CController.php(257): AdminController->runActionWithFilters()
#12 C:\projects\yii\framework\web\CWebApplication.php(328): AdminController->run()
#13 C:\projects\yii\framework\web\CWebApplication.php(121): CWebApplication->runController()
#14 C:\projects\yii\framework\base\CApplication.php(155): CWebApplication->processRequest()
#15 C:\projects\elearn\index.php(13): CWebApplication->run()
REQUEST_URI=/elearn/index.php?r=admin/admin
in C:\projects\elearn\protected\views\admin\admin.php (63)
in C:\projects\elearn\protected\controllers\AdminController.php (148)
in C:\projects\elearn\index.php (13)
2011/04/06 10:07:12 [error] [php] Invalid argument supplied for foreach() (C:\projects\yii\framework\zii\widgets\CMenu.php:245)
Stack trace:
#0 C:\projects\yii\framework\web\CBaseController.php(140): CMenu->init()
#1 C:\projects\yii\framework\web\CBaseController.php(165): AdminController->createWidget()
#2 C:\projects\elearn\protected\views\admin\admin.php(45): AdminController->widget()
#3 C:\projects\yii\framework\web\CBaseController.php(119): require()
#4 C:\projects\yii\framework\web\CBaseController.php(88): AdminController->renderInternal()
#5 C:\projects\yii\framework\web\CController.php(866): AdminController->renderFile()
#6 C:\projects\yii\framework\web\CController.php(779): AdminController->renderPartial()
#7 C:\projects\elearn\protected\controllers\AdminController.php(132): AdminController->render()
#8 C:\projects\yii\framework\web\actions\CInlineAction.php(50): AdminController->actionAdmin()
#9 C:\projects\yii\framework\web\CController.php(300): CInlineAction->runWithParams()
#10 C:\projects\yii\framework\web\filters\CFilterChain.php(133): AdminController->runAction()
#11 C:\projects\yii\framework\web\filters\CFilter.php(41): CFilterChain->run()
#12 C:\projects\yii\framework\web\CController.php(1122): CAccessControlFilter->filter()
#13 C:\projects\yii\framework\web\filters\CInlineFilter.php(59): AdminController->filterAccessControl()
#14 C:\projects\yii\framework\web\filters\CFilterChain.php(130): CInlineFilter->filter()
#15 C:\projects\yii\framework\web\CController.php(283): CFilterChain->run()
#16 C:\projects\yii\framework\web\CController.php(257): AdminController->runActionWithFilters()
#17 C:\projects\yii\framework\web\CWebApplication.php(328): AdminController->run()
#18 C:\projects\yii\framework\web\CWebApplication.php(121): CWebApplication->runController()
#19 C:\projects\yii\framework\base\CApplication.php(155): CWebApplication->processRequest()
#20 C:\projects\elearn\index.php(13): CWebApplication->run()
REQUEST_URI=/elearn/index.php?r=admin/admin
in C:\projects\elearn\protected\views\admin\admin.php (45)
in C:\projects\elearn\protected\controllers\AdminController.php (132)
in C:\projects\elearn\index.php (13)
2011/04/06 10:58:30 [error] [exception.CException] exception 'CException' with message 'Property "Admin.password_repeat" is not defined.' in C:\projects\yii\framework\base\CComponent.php:131
Stack trace:
#0 C:\projects\yii\framework\db\ar\CActiveRecord.php(128): CComponent->__get('password_repeat')
#1 C:\projects\yii\framework\validators\CCompareValidator.php(84): CActiveRecord->__get('password_repeat')
#2 C:\projects\yii\framework\validators\CValidator.php(192): CCompareValidator->validateAttribute(Object(Admin), 'password')
#3 C:\projects\yii\framework\base\CModel.php(152): CValidator->validate(Object(Admin), NULL)
#4 C:\projects\yii\framework\db\ar\CActiveRecord.php(778): CModel->validate(NULL)
#5 C:\projects\elearn\protected\controllers\AdminController.php(70): CActiveRecord->save()
#6 C:\projects\yii\framework\web\actions\CInlineAction.php(50): AdminController->actionCreate()
#7 C:\projects\yii\framework\web\CController.php(300): CInlineAction->runWithParams(Array)
#8 C:\projects\yii\framework\web\filters\CFilterChain.php(133): CController->runAction(Object(CInlineAction))
#9 C:\projects\yii\framework\web\filters\CFilter.php(41): CFilterChain->run()
#10 C:\projects\yii\framework\web\CController.php(1122): CFilter->filter(Object(CFilterChain))
#11 C:\projects\yii\framework\web\filters\CInlineFilter.php(59): CController->filterAccessControl(Object(CFilterChain))
#12 C:\projects\yii\framework\web\filters\CFilterChain.php(130): CInlineFilter->filter(Object(CFilterChain))
#13 C:\projects\yii\framework\web\CController.php(283): CFilterChain->run()
#14 C:\projects\yii\framework\web\CController.php(257): CController->runActionWithFilters(Object(CInlineAction), Array)
#15 C:\projects\yii\framework\web\CWebApplication.php(328): CController->run('create')
#16 C:\projects\yii\framework\web\CWebApplication.php(121): CWebApplication->runController('admin/create')
#17 C:\projects\yii\framework\base\CApplication.php(155): CWebApplication->processRequest()
#18 C:\projects\elearn\index.php(13): CApplication->run()
#19 {main} REQUEST_URI=/elearn/index.php?r=admin/create
